<?xml version="1.0" encoding="UTF-8"?>
<!-- Generated by org.testng.reporters.JUnitReportReporter -->
<testsuite skipped="0" hostname="DELL" name="test.Demo3" tests="1" failures="0" timestamp="30 Aug 2020 15:02:20 GMT" time="0.003" errors="0">
  <testcase name="test5" time="0.003" classname="test.Demo3"/>
</testsuite> <!-- test.Demo3 -->
