<?xml version="1.0" encoding="UTF-8"?>
<!-- Generated by org.testng.reporters.JUnitReportReporter -->
<testsuite skipped="0" hostname="DELL" name="test.Demo2" tests="3" failures="0" timestamp="30 Aug 2020 15:02:20 GMT" time="0.014" errors="0">
  <testcase name="dataprovidertest" time="0.005" classname="test.Demo2"/>
  <testcase name="dataprovidertest" time="0.004" classname="test.Demo2"/>
  <testcase name="dataprovidertest" time="0.005" classname="test.Demo2"/>
</testsuite> <!-- test.Demo2 -->
