<?xml version="1.0" encoding="UTF-8"?>
<!-- Generated by org.testng.reporters.JUnitReportReporter -->
<testsuite skipped="0" hostname="DELL" name="Labworks.E2EProject.LoginPageTest" tests="1" failures="0" timestamp="8 Sep 2020 12:51:42 GMT" time="8.438" errors="0">
  <testcase name="loginTest" time="8.438" classname="Labworks.E2EProject.LoginPageTest"/>
</testsuite> <!-- Labworks.E2EProject.LoginPageTest -->
