<?xml version="1.0" encoding="UTF-8"?>
<!-- Generated by org.testng.reporters.JUnitReportReporter -->
<testsuite skipped="0" hostname="DELL" name="Labworks.E2EProject.HomePage" tests="1" failures="0" timestamp="8 Sep 2020 12:51:42 GMT" time="1.250" errors="0">
  <testcase name="basePageNavigation" time="1.250" classname="Labworks.E2EProject.HomePage"/>
</testsuite> <!-- Labworks.E2EProject.HomePage -->
